<?xml version="1.0" encoding="UTF-8"?>
<!-- Generated by org.testng.reporters.JUnitXMLReporter -->
<testsuite ignored="5" hostname="LAPTOP-4C1CTOAL" failures="0" tests="3" name="Default test" time="7.217" errors="0" timestamp="2025-08-15T16:55:52 IST">
  <testcase classname="com.automation.test.LoginPageTest" name="getTestDataProvider" time="0.012"/>
  <testcase classname="com.automation.test.LoginPageTest" name="getTestDataProvider" time="0.002"/>
  <testcase classname="com.automation.test.LoginPageTest" name="getTestDataProvider" time="0.002"/>
  <testcase classname="com.automation.test.LoginPageTest" name="testLoginPageElementsVisible" time="0.0">
    <ignored/>
  </testcase> <!-- testLoginPageElementsVisible -->
  <testcase classname="com.automation.test.LoginPageTest" name="testEmptyFields" time="0.0">
    <ignored/>
  </testcase> <!-- testEmptyFields -->
  <testcase classname="com.automation.test.LoginPageTest" name="testOnlyUsernameEntered" time="0.0">
    <ignored/>
  </testcase> <!-- testOnlyUsernameEntered -->
  <testcase classname="com.automation.test.LoginPageTest" name="testValidLogin" time="0.0">
    <ignored/>
  </testcase> <!-- testValidLogin -->
  <testcase classname="com.automation.test.LoginPageTest" name="testInvalidPassword" time="0.0">
    <ignored/>
  </testcase> <!-- testInvalidPassword -->
</testsuite> <!-- Default test -->
